<?xml version="1.0" encoding="UTF-8"?>
<!-- Generated by org.testng.reporters.JUnitReportReporter -->
<testsuite hostname="Lenovo-PC" name="com.company.bestbuy.tests.acceptance.LoginTests" tests="1" failures="0" timestamp="20 Oct 2015 21:14:40 GMT" time="16.034" errors="0">
  <testcase name="logoutReturnsToLogin" time="16.034" classname="com.company.bestbuy.tests.acceptance.LoginTests"/>
</testsuite> <!-- com.company.bestbuy.tests.acceptance.LoginTests -->
