<?xml version="1.0" encoding="UTF-8"?>
<!-- Generated by org.testng.reporters.JUnitReportReporter -->
<testsuite hostname="Lenovo-PC" name="com.moasis.bestbuy.tests.acceptance.LoginTests" tests="1" failures="0" timestamp="22 Oct 2015 14:36:15 GMT" time="11.991" errors="0">
  <testcase name="loginPageLoads" time="11.991" classname="com.moasis.bestbuy.tests.acceptance.LoginTests"/>
</testsuite> <!-- com.moasis.bestbuy.tests.acceptance.LoginTests -->
