<?xml version="1.0" encoding="UTF-8"?>
<!-- Generated by org.testng.reporters.JUnitReportReporter -->
<testsuite hostname="Lenovo-PC" name="com.moasis.nextgenagencyapp.tests.acceptance.DashboardTests" tests="1" failures="0" timestamp="25 Sep 2015 21:32:04 GMT" time="25.222" errors="0">
  <testcase name="allElementsAreVisible" time="25.222" classname="com.moasis.nextgenagencyapp.tests.acceptance.DashboardTests"/>
</testsuite> <!-- com.moasis.nextgenagencyapp.tests.acceptance.DashboardTests -->
